2024-07-01 11:10:31,784 [Worker-6: Loading available Gradle versions] INFO  o.e.b.c.i.u.g.PublishedGradleVersions - Gradle version information cache is out-of-date. Trying to update.
2024-07-01 11:14:08,374 [ModalContext] INFO  o.e.m.c.i.e.AbstractTransferListenerAdapter - Downloading https://repo.maven.apache.org/maven2/org/apache/maven/archetypes/maven-archetype-webapp/1.4/maven-archetype-webapp-1.4.pom
2024-07-01 11:14:08,405 [ModalContext] INFO  o.e.m.c.i.e.AbstractTransferListenerAdapter - Downloaded https://repo.maven.apache.org/maven2/org/apache/maven/archetypes/maven-archetype-webapp/1.4/maven-archetype-webapp-1.4.pom
2024-07-01 11:14:08,478 [ModalContext] INFO  o.e.m.c.i.e.AbstractTransferListenerAdapter - Downloading https://repo.maven.apache.org/maven2/org/apache/maven/archetypes/maven-archetype-bundles/1.4/maven-archetype-bundles-1.4.pom
2024-07-01 11:14:08,488 [ModalContext] INFO  o.e.m.c.i.e.AbstractTransferListenerAdapter - Downloaded https://repo.maven.apache.org/maven2/org/apache/maven/archetypes/maven-archetype-bundles/1.4/maven-archetype-bundles-1.4.pom
2024-07-01 11:14:08,598 [ModalContext] INFO  o.e.m.c.i.e.AbstractTransferListenerAdapter - Downloading https://repo.maven.apache.org/maven2/org/apache/maven/archetypes/maven-archetype-webapp/1.4/maven-archetype-webapp-1.4.jar
2024-07-01 11:14:08,608 [ModalContext] INFO  o.e.m.c.i.e.AbstractTransferListenerAdapter - Downloaded https://repo.maven.apache.org/maven2/org/apache/maven/archetypes/maven-archetype-webapp/1.4/maven-archetype-webapp-1.4.jar
2024-07-01 11:15:03,779 [Worker-22: Launching mavenrun-32b498fa-0f3a-4cc0-8d7d-12cfefb29544] INFO  o.eclipse.m2e.core.internal.Bundles - getClasspathEntries(Bundle=org.eclipse.m2e.maven.runtime_3.9.600.20231203-1234 [635])
2024-07-01 11:15:03,782 [Worker-22: Launching mavenrun-32b498fa-0f3a-4cc0-8d7d-12cfefb29544] INFO  o.eclipse.m2e.core.internal.Bundles - 	Entry: C:\Users\Mateo\.p2\pool\plugins\org.eclipse.m2e.maven.runtime_3.9.600.20231203-1234
2024-07-01 11:15:03,783 [Worker-22: Launching mavenrun-32b498fa-0f3a-4cc0-8d7d-12cfefb29544] INFO  o.eclipse.m2e.core.internal.Bundles - 	Entry: C:\Users\Mateo\.p2\pool\plugins\org.eclipse.m2e.maven.runtime_3.9.600.20231203-1234\jars\aopalliance-1.0.jar
2024-07-01 11:15:03,784 [Worker-22: Launching mavenrun-32b498fa-0f3a-4cc0-8d7d-12cfefb29544] INFO  o.eclipse.m2e.core.internal.Bundles - 	Entry: C:\Users\Mateo\.p2\pool\plugins\org.eclipse.m2e.maven.runtime_3.9.600.20231203-1234\jars\guice-5.1.0.jar
2024-07-01 11:15:03,784 [Worker-22: Launching mavenrun-32b498fa-0f3a-4cc0-8d7d-12cfefb29544] INFO  o.eclipse.m2e.core.internal.Bundles - 	Entry: C:\Users\Mateo\.p2\pool\plugins\org.eclipse.m2e.maven.runtime_3.9.600.20231203-1234\jars\httpclient-4.5.14.jar
2024-07-01 11:15:03,784 [Worker-22: Launching mavenrun-32b498fa-0f3a-4cc0-8d7d-12cfefb29544] INFO  o.eclipse.m2e.core.internal.Bundles - 	Entry: C:\Users\Mateo\.p2\pool\plugins\org.eclipse.m2e.maven.runtime_3.9.600.20231203-1234\jars\httpcore-4.4.16.jar
2024-07-01 11:15:03,784 [Worker-22: Launching mavenrun-32b498fa-0f3a-4cc0-8d7d-12cfefb29544] INFO  o.eclipse.m2e.core.internal.Bundles - 	Entry: C:\Users\Mateo\.p2\pool\plugins\org.eclipse.m2e.maven.runtime_3.9.600.20231203-1234\jars\jansi-2.4.0.jar
2024-07-01 11:15:03,785 [Worker-22: Launching mavenrun-32b498fa-0f3a-4cc0-8d7d-12cfefb29544] INFO  o.eclipse.m2e.core.internal.Bundles - 	Entry: C:\Users\Mateo\.p2\pool\plugins\org.eclipse.m2e.maven.runtime_3.9.600.20231203-1234\jars\jcl-over-slf4j-1.7.36.jar
2024-07-01 11:15:03,785 [Worker-22: Launching mavenrun-32b498fa-0f3a-4cc0-8d7d-12cfefb29544] INFO  o.eclipse.m2e.core.internal.Bundles - 	Entry: C:\Users\Mateo\.p2\pool\plugins\org.eclipse.m2e.maven.runtime_3.9.600.20231203-1234\jars\maven-artifact-3.9.6.jar
2024-07-01 11:15:03,786 [Worker-22: Launching mavenrun-32b498fa-0f3a-4cc0-8d7d-12cfefb29544] INFO  o.eclipse.m2e.core.internal.Bundles - 	Entry: C:\Users\Mateo\.p2\pool\plugins\org.eclipse.m2e.maven.runtime_3.9.600.20231203-1234\jars\maven-builder-support-3.9.6.jar
2024-07-01 11:15:03,786 [Worker-22: Launching mavenrun-32b498fa-0f3a-4cc0-8d7d-12cfefb29544] INFO  o.eclipse.m2e.core.internal.Bundles - 	Entry: C:\Users\Mateo\.p2\pool\plugins\org.eclipse.m2e.maven.runtime_3.9.600.20231203-1234\jars\maven-compat-3.9.6.jar
2024-07-01 11:15:03,787 [Worker-22: Launching mavenrun-32b498fa-0f3a-4cc0-8d7d-12cfefb29544] INFO  o.eclipse.m2e.core.internal.Bundles - 	Entry: C:\Users\Mateo\.p2\pool\plugins\org.eclipse.m2e.maven.runtime_3.9.600.20231203-1234\jars\maven-core-3.9.6.jar
2024-07-01 11:15:03,787 [Worker-22: Launching mavenrun-32b498fa-0f3a-4cc0-8d7d-12cfefb29544] INFO  o.eclipse.m2e.core.internal.Bundles - 	Entry: C:\Users\Mateo\.p2\pool\plugins\org.eclipse.m2e.maven.runtime_3.9.600.20231203-1234\jars\maven-embedder-3.9.6.jar
2024-07-01 11:15:03,787 [Worker-22: Launching mavenrun-32b498fa-0f3a-4cc0-8d7d-12cfefb29544] INFO  o.eclipse.m2e.core.internal.Bundles - 	Entry: C:\Users\Mateo\.p2\pool\plugins\org.eclipse.m2e.maven.runtime_3.9.600.20231203-1234\jars\maven-model-3.9.6.jar
2024-07-01 11:15:03,788 [Worker-22: Launching mavenrun-32b498fa-0f3a-4cc0-8d7d-12cfefb29544] INFO  o.eclipse.m2e.core.internal.Bundles - 	Entry: C:\Users\Mateo\.p2\pool\plugins\org.eclipse.m2e.maven.runtime_3.9.600.20231203-1234\jars\maven-model-builder-3.9.6.jar
2024-07-01 11:15:03,788 [Worker-22: Launching mavenrun-32b498fa-0f3a-4cc0-8d7d-12cfefb29544] INFO  o.eclipse.m2e.core.internal.Bundles - 	Entry: C:\Users\Mateo\.p2\pool\plugins\org.eclipse.m2e.maven.runtime_3.9.600.20231203-1234\jars\maven-plugin-api-3.9.6.jar
2024-07-01 11:15:03,788 [Worker-22: Launching mavenrun-32b498fa-0f3a-4cc0-8d7d-12cfefb29544] INFO  o.eclipse.m2e.core.internal.Bundles - 	Entry: C:\Users\Mateo\.p2\pool\plugins\org.eclipse.m2e.maven.runtime_3.9.600.20231203-1234\jars\maven-repository-metadata-3.9.6.jar
2024-07-01 11:15:03,789 [Worker-22: Launching mavenrun-32b498fa-0f3a-4cc0-8d7d-12cfefb29544] INFO  o.eclipse.m2e.core.internal.Bundles - 	Entry: C:\Users\Mateo\.p2\pool\plugins\org.eclipse.m2e.maven.runtime_3.9.600.20231203-1234\jars\maven-resolver-api-1.9.18.jar
2024-07-01 11:15:03,789 [Worker-22: Launching mavenrun-32b498fa-0f3a-4cc0-8d7d-12cfefb29544] INFO  o.eclipse.m2e.core.internal.Bundles - 	Entry: C:\Users\Mateo\.p2\pool\plugins\org.eclipse.m2e.maven.runtime_3.9.600.20231203-1234\jars\maven-resolver-connector-basic-1.9.18.jar
2024-07-01 11:15:03,789 [Worker-22: Launching mavenrun-32b498fa-0f3a-4cc0-8d7d-12cfefb29544] INFO  o.eclipse.m2e.core.internal.Bundles - 	Entry: C:\Users\Mateo\.p2\pool\plugins\org.eclipse.m2e.maven.runtime_3.9.600.20231203-1234\jars\maven-resolver-impl-1.9.18.jar
2024-07-01 11:15:03,789 [Worker-22: Launching mavenrun-32b498fa-0f3a-4cc0-8d7d-12cfefb29544] INFO  o.eclipse.m2e.core.internal.Bundles - 	Entry: C:\Users\Mateo\.p2\pool\plugins\org.eclipse.m2e.maven.runtime_3.9.600.20231203-1234\jars\maven-resolver-named-locks-1.9.18.jar
2024-07-01 11:15:03,790 [Worker-22: Launching mavenrun-32b498fa-0f3a-4cc0-8d7d-12cfefb29544] INFO  o.eclipse.m2e.core.internal.Bundles - 	Entry: C:\Users\Mateo\.p2\pool\plugins\org.eclipse.m2e.maven.runtime_3.9.600.20231203-1234\jars\maven-resolver-provider-3.9.6.jar
2024-07-01 11:15:03,790 [Worker-22: Launching mavenrun-32b498fa-0f3a-4cc0-8d7d-12cfefb29544] INFO  o.eclipse.m2e.core.internal.Bundles - 	Entry: C:\Users\Mateo\.p2\pool\plugins\org.eclipse.m2e.maven.runtime_3.9.600.20231203-1234\jars\maven-resolver-spi-1.9.18.jar
2024-07-01 11:15:03,790 [Worker-22: Launching mavenrun-32b498fa-0f3a-4cc0-8d7d-12cfefb29544] INFO  o.eclipse.m2e.core.internal.Bundles - 	Entry: C:\Users\Mateo\.p2\pool\plugins\org.eclipse.m2e.maven.runtime_3.9.600.20231203-1234\jars\maven-resolver-transport-file-1.9.18.jar
2024-07-01 11:15:03,790 [Worker-22: Launching mavenrun-32b498fa-0f3a-4cc0-8d7d-12cfefb29544] INFO  o.eclipse.m2e.core.internal.Bundles - 	Entry: C:\Users\Mateo\.p2\pool\plugins\org.eclipse.m2e.maven.runtime_3.9.600.20231203-1234\jars\maven-resolver-transport-http-1.9.18.jar
2024-07-01 11:15:03,791 [Worker-22: Launching mavenrun-32b498fa-0f3a-4cc0-8d7d-12cfefb29544] INFO  o.eclipse.m2e.core.internal.Bundles - 	Entry: C:\Users\Mateo\.p2\pool\plugins\org.eclipse.m2e.maven.runtime_3.9.600.20231203-1234\jars\maven-resolver-transport-wagon-1.9.18.jar
2024-07-01 11:15:03,791 [Worker-22: Launching mavenrun-32b498fa-0f3a-4cc0-8d7d-12cfefb29544] INFO  o.eclipse.m2e.core.internal.Bundles - 	Entry: C:\Users\Mateo\.p2\pool\plugins\org.eclipse.m2e.maven.runtime_3.9.600.20231203-1234\jars\maven-resolver-util-1.9.18.jar
2024-07-01 11:15:03,791 [Worker-22: Launching mavenrun-32b498fa-0f3a-4cc0-8d7d-12cfefb29544] INFO  o.eclipse.m2e.core.internal.Bundles - 	Entry: C:\Users\Mateo\.p2\pool\plugins\org.eclipse.m2e.maven.runtime_3.9.600.20231203-1234\jars\maven-settings-3.9.6.jar
2024-07-01 11:15:03,791 [Worker-22: Launching mavenrun-32b498fa-0f3a-4cc0-8d7d-12cfefb29544] INFO  o.eclipse.m2e.core.internal.Bundles - 	Entry: C:\Users\Mateo\.p2\pool\plugins\org.eclipse.m2e.maven.runtime_3.9.600.20231203-1234\jars\maven-settings-builder-3.9.6.jar
2024-07-01 11:15:03,792 [Worker-22: Launching mavenrun-32b498fa-0f3a-4cc0-8d7d-12cfefb29544] INFO  o.eclipse.m2e.core.internal.Bundles - 	Entry: C:\Users\Mateo\.p2\pool\plugins\org.eclipse.m2e.maven.runtime_3.9.600.20231203-1234\jars\maven-shared-utils-3.3.4.jar
2024-07-01 11:15:03,792 [Worker-22: Launching mavenrun-32b498fa-0f3a-4cc0-8d7d-12cfefb29544] INFO  o.eclipse.m2e.core.internal.Bundles - 	Entry: C:\Users\Mateo\.p2\pool\plugins\org.eclipse.m2e.maven.runtime_3.9.600.20231203-1234\jars\org.eclipse.sisu.inject-0.9.0.M2.jar
2024-07-01 11:15:03,792 [Worker-22: Launching mavenrun-32b498fa-0f3a-4cc0-8d7d-12cfefb29544] INFO  o.eclipse.m2e.core.internal.Bundles - 	Entry: C:\Users\Mateo\.p2\pool\plugins\org.eclipse.m2e.maven.runtime_3.9.600.20231203-1234\jars\org.eclipse.sisu.plexus-0.9.0.M2.jar
2024-07-01 11:15:03,792 [Worker-22: Launching mavenrun-32b498fa-0f3a-4cc0-8d7d-12cfefb29544] INFO  o.eclipse.m2e.core.internal.Bundles - 	Entry: C:\Users\Mateo\.p2\pool\plugins\org.eclipse.m2e.maven.runtime_3.9.600.20231203-1234\jars\plexus-build-api-0.0.7.jar
2024-07-01 11:15:03,793 [Worker-22: Launching mavenrun-32b498fa-0f3a-4cc0-8d7d-12cfefb29544] INFO  o.eclipse.m2e.core.internal.Bundles - 	Entry: C:\Users\Mateo\.p2\pool\plugins\org.eclipse.m2e.maven.runtime_3.9.600.20231203-1234\jars\plexus-cipher-2.0.jar
2024-07-01 11:15:03,793 [Worker-22: Launching mavenrun-32b498fa-0f3a-4cc0-8d7d-12cfefb29544] INFO  o.eclipse.m2e.core.internal.Bundles - 	Entry: C:\Users\Mateo\.p2\pool\plugins\org.eclipse.m2e.maven.runtime_3.9.600.20231203-1234\jars\plexus-classworlds-2.7.0.jar
2024-07-01 11:15:03,793 [Worker-22: Launching mavenrun-32b498fa-0f3a-4cc0-8d7d-12cfefb29544] INFO  o.eclipse.m2e.core.internal.Bundles - 	Entry: C:\Users\Mateo\.p2\pool\plugins\org.eclipse.m2e.maven.runtime_3.9.600.20231203-1234\jars\plexus-component-annotations-2.1.0.jar
2024-07-01 11:15:03,793 [Worker-22: Launching mavenrun-32b498fa-0f3a-4cc0-8d7d-12cfefb29544] INFO  o.eclipse.m2e.core.internal.Bundles - 	Entry: C:\Users\Mateo\.p2\pool\plugins\org.eclipse.m2e.maven.runtime_3.9.600.20231203-1234\jars\plexus-interpolation-1.26.jar
2024-07-01 11:15:03,794 [Worker-22: Launching mavenrun-32b498fa-0f3a-4cc0-8d7d-12cfefb29544] INFO  o.eclipse.m2e.core.internal.Bundles - 	Entry: C:\Users\Mateo\.p2\pool\plugins\org.eclipse.m2e.maven.runtime_3.9.600.20231203-1234\jars\plexus-sec-dispatcher-2.0.jar
2024-07-01 11:15:03,794 [Worker-22: Launching mavenrun-32b498fa-0f3a-4cc0-8d7d-12cfefb29544] INFO  o.eclipse.m2e.core.internal.Bundles - 	Entry: C:\Users\Mateo\.p2\pool\plugins\org.eclipse.m2e.maven.runtime_3.9.600.20231203-1234\jars\plexus-utils-3.5.1.jar
2024-07-01 11:15:03,794 [Worker-22: Launching mavenrun-32b498fa-0f3a-4cc0-8d7d-12cfefb29544] INFO  o.eclipse.m2e.core.internal.Bundles - 	Entry: C:\Users\Mateo\.p2\pool\plugins\org.eclipse.m2e.maven.runtime_3.9.600.20231203-1234\jars\wagon-file-3.5.3.jar
2024-07-01 11:15:03,794 [Worker-22: Launching mavenrun-32b498fa-0f3a-4cc0-8d7d-12cfefb29544] INFO  o.eclipse.m2e.core.internal.Bundles - 	Entry: C:\Users\Mateo\.p2\pool\plugins\org.eclipse.m2e.maven.runtime_3.9.600.20231203-1234\jars\wagon-http-3.5.3.jar
2024-07-01 11:15:03,795 [Worker-22: Launching mavenrun-32b498fa-0f3a-4cc0-8d7d-12cfefb29544] INFO  o.eclipse.m2e.core.internal.Bundles - 	Entry: C:\Users\Mateo\.p2\pool\plugins\org.eclipse.m2e.maven.runtime_3.9.600.20231203-1234\jars\wagon-http-shared-3.5.3.jar
2024-07-01 11:15:03,795 [Worker-22: Launching mavenrun-32b498fa-0f3a-4cc0-8d7d-12cfefb29544] INFO  o.eclipse.m2e.core.internal.Bundles - 	Entry: C:\Users\Mateo\.p2\pool\plugins\org.eclipse.m2e.maven.runtime_3.9.600.20231203-1234\jars\wagon-provider-api-3.5.3.jar
2024-07-01 11:15:03,798 [Worker-22: Launching mavenrun-32b498fa-0f3a-4cc0-8d7d-12cfefb29544] INFO  o.eclipse.m2e.core.internal.Bundles - getClasspathEntries(Bundle=com.google.guava_33.0.0.jre [14])
2024-07-01 11:15:03,799 [Worker-22: Launching mavenrun-32b498fa-0f3a-4cc0-8d7d-12cfefb29544] INFO  o.eclipse.m2e.core.internal.Bundles - 	Entry: C:\Users\Mateo\.p2\pool\plugins\com.google.guava_33.0.0.jre.jar
2024-07-01 11:15:03,799 [Worker-22: Launching mavenrun-32b498fa-0f3a-4cc0-8d7d-12cfefb29544] INFO  o.eclipse.m2e.core.internal.Bundles - getClasspathEntries(Bundle=slf4j.api_2.0.13 [997])
2024-07-01 11:15:03,800 [Worker-22: Launching mavenrun-32b498fa-0f3a-4cc0-8d7d-12cfefb29544] INFO  o.eclipse.m2e.core.internal.Bundles - 	Entry: C:\Users\Mateo\.p2\pool\plugins\slf4j.api_2.0.13.jar
2024-07-01 11:15:03,800 [Worker-22: Launching mavenrun-32b498fa-0f3a-4cc0-8d7d-12cfefb29544] INFO  o.eclipse.m2e.core.internal.Bundles - getClasspathEntries(Bundle=jakarta.inject.jakarta.inject-api_1.0.5 [32])
2024-07-01 11:15:03,800 [Worker-22: Launching mavenrun-32b498fa-0f3a-4cc0-8d7d-12cfefb29544] INFO  o.eclipse.m2e.core.internal.Bundles - 	Entry: C:\Users\Mateo\.p2\pool\plugins\jakarta.inject.jakarta.inject-api_1.0.5.jar
2024-07-01 11:15:03,800 [Worker-22: Launching mavenrun-32b498fa-0f3a-4cc0-8d7d-12cfefb29544] INFO  o.eclipse.m2e.core.internal.Bundles - getClasspathEntries(Bundle=jakarta.annotation-api_1.3.5 [27])
2024-07-01 11:15:03,801 [Worker-22: Launching mavenrun-32b498fa-0f3a-4cc0-8d7d-12cfefb29544] INFO  o.eclipse.m2e.core.internal.Bundles - 	Entry: C:\Users\Mateo\.p2\pool\plugins\jakarta.annotation-api_1.3.5.jar
2024-07-01 11:15:03,801 [Worker-22: Launching mavenrun-32b498fa-0f3a-4cc0-8d7d-12cfefb29544] INFO  o.eclipse.m2e.core.internal.Bundles - getClasspathEntries(Bundle=org.apache.commons.cli_1.6.0 [75])
2024-07-01 11:15:03,802 [Worker-22: Launching mavenrun-32b498fa-0f3a-4cc0-8d7d-12cfefb29544] INFO  o.eclipse.m2e.core.internal.Bundles - 	Entry: C:\Users\Mateo\.p2\pool\plugins\org.apache.commons.cli_1.6.0.jar
2024-07-01 11:15:03,802 [Worker-22: Launching mavenrun-32b498fa-0f3a-4cc0-8d7d-12cfefb29544] INFO  o.eclipse.m2e.core.internal.Bundles - getClasspathEntries(Bundle=org.apache.commons.commons-codec_1.16.0 [78])
2024-07-01 11:15:03,803 [Worker-22: Launching mavenrun-32b498fa-0f3a-4cc0-8d7d-12cfefb29544] INFO  o.eclipse.m2e.core.internal.Bundles - 	Entry: C:\Users\Mateo\.p2\pool\plugins\org.apache.commons.commons-codec_1.16.0.jar
2024-07-01 11:15:03,803 [Worker-22: Launching mavenrun-32b498fa-0f3a-4cc0-8d7d-12cfefb29544] INFO  o.eclipse.m2e.core.internal.Bundles - getClasspathEntries(Bundle=org.apache.commons.lang3_3.14.0 [86])
2024-07-01 11:15:03,804 [Worker-22: Launching mavenrun-32b498fa-0f3a-4cc0-8d7d-12cfefb29544] INFO  o.eclipse.m2e.core.internal.Bundles - 	Entry: C:\Users\Mateo\.p2\pool\plugins\org.apache.commons.lang3_3.14.0.jar
2024-07-01 11:15:03,804 [Worker-22: Launching mavenrun-32b498fa-0f3a-4cc0-8d7d-12cfefb29544] INFO  o.eclipse.m2e.core.internal.Bundles - getClasspathEntries(Bundle=com.google.guava.failureaccess_1.0.2 [15])
2024-07-01 11:15:03,805 [Worker-22: Launching mavenrun-32b498fa-0f3a-4cc0-8d7d-12cfefb29544] INFO  o.eclipse.m2e.core.internal.Bundles - 	Entry: C:\Users\Mateo\.p2\pool\plugins\com.google.guava.failureaccess_1.0.2.jar
2024-07-01 11:15:03,815 [Worker-22: Launching mavenrun-32b498fa-0f3a-4cc0-8d7d-12cfefb29544] INFO  o.e.m.i.launch.MavenLaunchDelegate - Run build in "C:\Users\Mateo\AppData\Local\Temp\m2e-archetypeGenerator84758085250382481":
2024-07-01 11:15:03,823 [Worker-22: Launching mavenrun-32b498fa-0f3a-4cc0-8d7d-12cfefb29544] INFO  o.e.m.i.launch.MavenLaunchDelegate -  mvn  -DarchetypeGroupId=org.apache.maven.archetypes -DarchetypeArtifactId=maven-archetype-webapp -DarchetypeVersion=1.4 -DgroupId=com.prograWebUcuenca.ws.rest -DartifactId=RestJR -Dversion=0.0.1-SNAPSHOT -Dpackage=com.prograWebUcuenca.ws.rest -DoutputDirectory="C:\Users\Mateo\Desktop\Nueva carpeta" -Dstyle.color=always -U archetype:generate
2024-07-01 11:15:27,131 [Worker-6: Creating maven-archetype-webapp] INFO  o.e.m.c.i.p.ProjectConfigurationManager - Collecting project info '/pom.xml' C:\Users\Mateo\Desktop\Nueva carpeta\RestJR\pom.xml
2024-07-01 11:15:28,367 [Worker-6: Creating maven-archetype-webapp] INFO  o.e.m.c.i.l.LifecycleMappingFactory - Using org.maven.ide.eclipse.wtp.WarLifecycleMapping lifecycle mapping for MavenProject: com.prograWebUcuenca.ws.rest:RestJR:0.0.1-SNAPSHOT @ C:\Users\Mateo\Desktop\Nueva carpeta\RestJR\pom.xml.
2024-07-01 11:15:29,428 [Worker-6: Creating maven-archetype-webapp] INFO  o.e.m.j.i.AbstractJavaProjectConfigurator - Adding source folder /RestJR/src/main/java
2024-07-01 11:15:29,430 [Worker-6: Creating maven-archetype-webapp] INFO  o.e.m.j.i.AbstractJavaProjectConfigurator - Adding resource folder /RestJR/src/main/resources
2024-07-01 11:15:29,431 [Worker-6: Creating maven-archetype-webapp] INFO  o.e.m.j.i.AbstractJavaProjectConfigurator - Adding source folder /RestJR/src/test/java
2024-07-01 11:15:29,432 [Worker-6: Creating maven-archetype-webapp] INFO  o.e.m.j.i.AbstractJavaProjectConfigurator - Adding resource folder /RestJR/src/test/resources
2024-07-01 11:15:29,434 [Worker-6: Creating maven-archetype-webapp] ERROR o.e.m.j.i.AbstractJavaProjectConfigurator - Failed to find a compatible VM for environment id 'JavaSE-1.7', falling back to workspace default
2024-07-01 11:15:31,322 [Worker-6: Creating maven-archetype-webapp] INFO  o.e.m.c.i.p.ProjectConfigurationManager - Imported and configured 1 project(s) in 4 sec
2024-07-01 11:15:32,036 [Worker-25: Building] INFO  o.e.m.c.i.embedder.EclipseLogger - Using 'UTF-8' encoding to copy filtered resources.
2024-07-01 11:15:32,036 [Worker-25: Building] INFO  o.e.m.c.i.embedder.EclipseLogger - skip non existing resourceDirectory C:\Users\Mateo\Desktop\Nueva carpeta\RestJR\src\main\resources
2024-07-01 11:15:32,041 [Worker-25: Building] INFO  o.e.m.c.i.embedder.EclipseLogger - Using 'UTF-8' encoding to copy filtered resources.
2024-07-01 11:15:32,041 [Worker-25: Building] INFO  o.e.m.c.i.embedder.EclipseLogger - skip non existing resourceDirectory C:\Users\Mateo\Desktop\Nueva carpeta\RestJR\src\test\resources
2024-07-01 11:18:15,795 [Worker-24: Building] INFO  o.e.m.c.i.embedder.EclipseLogger - Using 'UTF-8' encoding to copy filtered resources.
2024-07-01 11:18:15,796 [Worker-24: Building] INFO  o.e.m.c.i.embedder.EclipseLogger - skip non existing resourceDirectory C:\Users\Mateo\Desktop\Nueva carpeta\RestJR\src\main\resources
2024-07-01 11:18:15,800 [Worker-24: Building] INFO  o.e.m.c.i.embedder.EclipseLogger - Using 'UTF-8' encoding to copy filtered resources.
2024-07-01 11:18:15,801 [Worker-24: Building] INFO  o.e.m.c.i.embedder.EclipseLogger - skip non existing resourceDirectory C:\Users\Mateo\Desktop\Nueva carpeta\RestJR\src\test\resources
2024-07-01 11:19:18,383 [Worker-23: Building] INFO  o.e.m.c.i.embedder.EclipseLogger - Using 'UTF-8' encoding to copy filtered resources.
2024-07-01 11:19:18,383 [Worker-23: Building] INFO  o.e.m.c.i.embedder.EclipseLogger - skip non existing resourceDirectory C:\Users\Mateo\Desktop\Nueva carpeta\RestJR\src\main\resources
2024-07-01 11:19:18,388 [Worker-23: Building] INFO  o.e.m.c.i.embedder.EclipseLogger - Using 'UTF-8' encoding to copy filtered resources.
2024-07-01 11:19:18,388 [Worker-23: Building] INFO  o.e.m.c.i.embedder.EclipseLogger - skip non existing resourceDirectory C:\Users\Mateo\Desktop\Nueva carpeta\RestJR\src\test\resources
2024-07-01 11:20:16,541 [Worker-21: Building] INFO  o.e.m.c.i.embedder.EclipseLogger - Using 'UTF-8' encoding to copy filtered resources.
2024-07-01 11:20:16,542 [Worker-21: Building] INFO  o.e.m.c.i.embedder.EclipseLogger - skip non existing resourceDirectory C:\Users\Mateo\Desktop\Nueva carpeta\RestJR\src\main\resources
2024-07-01 11:20:16,547 [Worker-21: Building] INFO  o.e.m.c.i.embedder.EclipseLogger - Using 'UTF-8' encoding to copy filtered resources.
2024-07-01 11:20:16,547 [Worker-21: Building] INFO  o.e.m.c.i.embedder.EclipseLogger - skip non existing resourceDirectory C:\Users\Mateo\Desktop\Nueva carpeta\RestJR\src\test\resources
2024-07-01 11:20:26,020 [Worker-27: Building] INFO  o.e.m.c.i.embedder.EclipseLogger - Using 'UTF-8' encoding to copy filtered resources.
2024-07-01 11:20:26,021 [Worker-27: Building] INFO  o.e.m.c.i.embedder.EclipseLogger - skip non existing resourceDirectory C:\Users\Mateo\Desktop\Nueva carpeta\RestJR\src\main\resources
2024-07-01 11:20:26,024 [Worker-27: Building] INFO  o.e.m.c.i.embedder.EclipseLogger - Using 'UTF-8' encoding to copy filtered resources.
2024-07-01 11:20:26,024 [Worker-27: Building] INFO  o.e.m.c.i.embedder.EclipseLogger - skip non existing resourceDirectory C:\Users\Mateo\Desktop\Nueva carpeta\RestJR\src\test\resources
2024-07-01 11:20:30,489 [Worker-24: Building] INFO  o.e.m.c.i.embedder.EclipseLogger - Using 'UTF-8' encoding to copy filtered resources.
2024-07-01 11:20:30,490 [Worker-24: Building] INFO  o.e.m.c.i.embedder.EclipseLogger - skip non existing resourceDirectory C:\Users\Mateo\Desktop\Nueva carpeta\RestJR\src\main\resources
2024-07-01 11:20:30,494 [Worker-24: Building] INFO  o.e.m.c.i.embedder.EclipseLogger - Using 'UTF-8' encoding to copy filtered resources.
2024-07-01 11:20:30,495 [Worker-24: Building] INFO  o.e.m.c.i.embedder.EclipseLogger - skip non existing resourceDirectory C:\Users\Mateo\Desktop\Nueva carpeta\RestJR\src\test\resources
2024-07-01 11:21:37,199 [Worker-21: Building] INFO  o.e.m.c.i.embedder.EclipseLogger - Using 'UTF-8' encoding to copy filtered resources.
2024-07-01 11:21:37,200 [Worker-21: Building] INFO  o.e.m.c.i.embedder.EclipseLogger - skip non existing resourceDirectory C:\Users\Mateo\Desktop\Nueva carpeta\RestJR\src\main\resources
2024-07-01 11:21:37,205 [Worker-21: Building] INFO  o.e.m.c.i.embedder.EclipseLogger - Using 'UTF-8' encoding to copy filtered resources.
2024-07-01 11:21:37,205 [Worker-21: Building] INFO  o.e.m.c.i.embedder.EclipseLogger - skip non existing resourceDirectory C:\Users\Mateo\Desktop\Nueva carpeta\RestJR\src\test\resources
2024-07-01 11:21:54,524 [Worker-25: Building] INFO  o.e.m.c.i.embedder.EclipseLogger - Using 'UTF-8' encoding to copy filtered resources.
2024-07-01 11:21:54,525 [Worker-25: Building] INFO  o.e.m.c.i.embedder.EclipseLogger - skip non existing resourceDirectory C:\Users\Mateo\Desktop\Nueva carpeta\RestJR\src\main\resources
2024-07-01 11:21:54,529 [Worker-25: Building] INFO  o.e.m.c.i.embedder.EclipseLogger - Using 'UTF-8' encoding to copy filtered resources.
2024-07-01 11:21:54,530 [Worker-25: Building] INFO  o.e.m.c.i.embedder.EclipseLogger - skip non existing resourceDirectory C:\Users\Mateo\Desktop\Nueva carpeta\RestJR\src\test\resources
2024-07-01 11:22:48,480 [Worker-28: Building] INFO  o.e.m.c.i.embedder.EclipseLogger - Using 'UTF-8' encoding to copy filtered resources.
2024-07-01 11:22:48,481 [Worker-28: Building] INFO  o.e.m.c.i.embedder.EclipseLogger - skip non existing resourceDirectory C:\Users\Mateo\Desktop\Nueva carpeta\RestJR\src\main\resources
2024-07-01 11:22:48,489 [Worker-28: Building] INFO  o.e.m.c.i.embedder.EclipseLogger - Using 'UTF-8' encoding to copy filtered resources.
2024-07-01 11:22:48,490 [Worker-28: Building] INFO  o.e.m.c.i.embedder.EclipseLogger - skip non existing resourceDirectory C:\Users\Mateo\Desktop\Nueva carpeta\RestJR\src\test\resources
2024-07-01 11:23:06,144 [Worker-27: Building] INFO  o.e.m.c.i.l.LifecycleMappingFactory - Using org.maven.ide.eclipse.wtp.WarLifecycleMapping lifecycle mapping for MavenProject: com.prograWebUcuenca.ws.rest:RestJR:0.0.1-SNAPSHOT @ C:\Users\Mateo\Desktop\Nueva carpeta\RestJR\pom.xml.
2024-07-01 11:23:07,125 [Worker-27: Building] INFO  o.e.m.c.i.embedder.EclipseLogger - Using 'UTF-8' encoding to copy filtered resources.
2024-07-01 11:23:07,125 [Worker-27: Building] INFO  o.e.m.c.i.embedder.EclipseLogger - skip non existing resourceDirectory C:\Users\Mateo\Desktop\Nueva carpeta\RestJR\src\main\resources
2024-07-01 11:23:07,131 [Worker-27: Building] INFO  o.e.m.c.i.embedder.EclipseLogger - Using 'UTF-8' encoding to copy filtered resources.
2024-07-01 11:23:07,131 [Worker-27: Building] INFO  o.e.m.c.i.embedder.EclipseLogger - skip non existing resourceDirectory C:\Users\Mateo\Desktop\Nueva carpeta\RestJR\src\test\resources
2024-07-01 11:23:07,131 [Worker-27: Building] INFO  o.e.m.w.i.f.ResourceFilteringBuildParticipant - Changed resources require a complete clean of filtered resources of RestJR
2024-07-01 11:23:07,134 [Worker-27: Building] INFO  o.e.m.w.i.f.ResourceFilteringBuildParticipant - Executing resource filtering for RestJR
2024-07-01 11:26:13,362 [Worker-30: Building] INFO  o.e.m.c.i.embedder.EclipseLogger - Using 'UTF-8' encoding to copy filtered resources.
2024-07-01 11:26:13,363 [Worker-30: Building] INFO  o.e.m.c.i.embedder.EclipseLogger - skip non existing resourceDirectory C:\Users\Mateo\Desktop\Nueva carpeta\RestJR\src\main\resources
2024-07-01 11:26:13,366 [Worker-30: Building] INFO  o.e.m.c.i.embedder.EclipseLogger - Using 'UTF-8' encoding to copy filtered resources.
2024-07-01 11:26:13,366 [Worker-30: Building] INFO  o.e.m.c.i.embedder.EclipseLogger - skip non existing resourceDirectory C:\Users\Mateo\Desktop\Nueva carpeta\RestJR\src\test\resources
2024-07-02 10:17:53,645 [Worker-4: Loading available Gradle versions] INFO  o.e.b.c.i.u.g.PublishedGradleVersions - Gradle version information cache is up-to-date. Trying to read.
